c:\users\daniel\desktop\git2\peel\peel\physics\release\peel.pch
c:\users\daniel\desktop\git2\peel\peel\physics\release\vc140.pdb
c:\users\daniel\desktop\git2\peel\peel\physics\release\stdafx.obj
c:\users\daniel\desktop\git2\peel\peel\physics\release\raytracingtest.obj
c:\users\daniel\desktop\git2\peel\peel\physics\release\random.obj
c:\users\daniel\desktop\git2\peel\peel\physics\release\qpctime.obj
c:\users\daniel\desktop\git2\peel\peel\physics\release\progressbar.obj
c:\users\daniel\desktop\git2\peel\peel\physics\release\pinttiming.obj
c:\users\daniel\desktop\git2\peel\peel\physics\release\pintsq.obj
c:\users\daniel\desktop\git2\peel\peel\physics\release\pintrender.obj
c:\users\daniel\desktop\git2\peel\peel\physics\release\pintobjectsmanager.obj
c:\users\daniel\desktop\git2\peel\peel\physics\release\pint.obj
c:\users\daniel\desktop\git2\peel\peel\physics\release\peel.obj
c:\users\daniel\desktop\git2\peel\peel\physics\release\myconvex.obj
c:\users\daniel\desktop\git2\peel\peel\physics\release\loader_repx.obj
c:\users\daniel\desktop\git2\peel\peel\physics\release\loader_rays.obj
c:\users\daniel\desktop\git2\peel\peel\physics\release\loader_bin.obj
c:\users\daniel\desktop\git2\peel\peel\physics\release\icebunny.obj
c:\users\daniel\desktop\git2\peel\peel\physics\release\glvsync.obj
c:\users\daniel\desktop\git2\peel\peel\physics\release\glfontrenderer.obj
c:\users\daniel\desktop\git2\peel\peel\physics\release\filefinder.obj
c:\users\daniel\desktop\git2\peel\peel\physics\release\cameramanager.obj
c:\users\daniel\desktop\git2\peel\peel\physics\release\camera.obj
c:\users\daniel\desktop\git2\peel\peel\physics\release\trashcache.obj
c:\users\daniel\desktop\git2\peel\peel\physics\release\titlewindow.obj
c:\users\daniel\desktop\git2\peel\peel\physics\release\titledata.obj
c:\users\daniel\desktop\git2\peel\peel\physics\release\testselector.obj
c:\users\daniel\desktop\git2\peel\peel\physics\release\testscenes_sweep.obj
c:\users\daniel\desktop\git2\peel\peel\physics\release\testscenes_staticscene.obj
c:\users\daniel\desktop\git2\peel\peel\physics\release\testscenes_raycast.obj
c:\users\daniel\desktop\git2\peel\peel\physics\release\testscenes_performance.obj
c:\users\daniel\desktop\git2\peel\peel\physics\release\testscenes_overlap.obj
c:\users\daniel\desktop\git2\peel\peel\physics\release\testscenes_contactgeneration.obj
c:\users\daniel\desktop\git2\peel\peel\physics\release\testscenes_ccd.obj
c:\users\daniel\desktop\git2\peel\peel\physics\release\testscenes_behavior.obj
c:\users\daniel\desktop\git2\peel\peel\physics\release\testscenes_api.obj
c:\users\daniel\desktop\git2\peel\peel\physics\release\testsceneshelpers.obj
c:\users\daniel\desktop\git2\peel\peel\physics\release\testscenes.obj
c:\users\daniel\desktop\git2\peel\peel\physics\release\surfacemanager.obj
c:\users\daniel\desktop\git2\peel\peel\physics\release\script.obj
c:\users\daniel\desktop\git2\peel\peel\physics\release\repx_tools.obj
c:\users\daniel\desktop\git2\peel\peel\physics\release\render.obj
c:\users\daniel\desktop\git2\peel\peel\physics\release\raytracingwindow.obj
c:\users\daniel\desktop\git2\peel\peel\physics\release\hacdmanifoldmesh.obj
c:\users\daniel\desktop\git2\peel\peel\physics\release\hacdichull.obj
c:\users\daniel\desktop\git2\peel\peel\physics\release\hacdhacd.obj
c:\users\daniel\desktop\git2\peel\peel\physics\release\hacdgraph.obj
c:\users\daniel\desktop\git2\peel\peel\build\peel.exe
c:\users\daniel\desktop\git2\peel\peel\release\peel.pdb
c:\users\daniel\desktop\git2\peel\peel\physics\release\peel.res
c:\users\daniel\desktop\git2\peel\peel\physics\release\peel.tlog\cl.command.1.tlog
c:\users\daniel\desktop\git2\peel\peel\physics\release\peel.tlog\cl.read.1.tlog
c:\users\daniel\desktop\git2\peel\peel\physics\release\peel.tlog\cl.write.1.tlog
c:\users\daniel\desktop\git2\peel\peel\physics\release\peel.tlog\link.command.1.tlog
c:\users\daniel\desktop\git2\peel\peel\physics\release\peel.tlog\link.read.1.tlog
c:\users\daniel\desktop\git2\peel\peel\physics\release\peel.tlog\link.write.1.tlog
c:\users\daniel\desktop\git2\peel\peel\physics\release\peel.tlog\rc.command.1.tlog
c:\users\daniel\desktop\git2\peel\peel\physics\release\peel.tlog\rc.read.1.tlog
c:\users\daniel\desktop\git2\peel\peel\physics\release\peel.tlog\rc.write.1.tlog
