c:\users\daniel\desktop\git2\peel\peel\physics\pint_opcode1_3\debug\pint_opcode13.pch
c:\users\daniel\desktop\git2\peel\peel\physics\pint_opcode1_3\debug\vc140.pdb
c:\users\daniel\desktop\git2\peel\peel\physics\pint_opcode1_3\debug\vc140.idb
c:\users\daniel\desktop\git2\peel\peel\physics\pint_opcode1_3\debug\stdafx.obj
c:\users\daniel\desktop\git2\peel\peel\physics\pint_opcode1_3\debug\opc_aabbtree.obj
c:\users\daniel\desktop\git2\peel\peel\physics\pint_opcode1_3\debug\opc_basemodel.obj
c:\users\daniel\desktop\git2\peel\peel\physics\pint_opcode1_3\debug\opc_boxpruning.obj
c:\users\daniel\desktop\git2\peel\peel\physics\pint_opcode1_3\debug\opc_collider.obj
c:\users\daniel\desktop\git2\peel\peel\physics\pint_opcode1_3\debug\opc_common.obj
c:\users\daniel\desktop\git2\peel\peel\physics\pint_opcode1_3\debug\opc_hybridmodel.obj
c:\users\daniel\desktop\git2\peel\peel\physics\pint_opcode1_3\debug\opc_lsscollider.obj
c:\users\daniel\desktop\git2\peel\peel\physics\pint_opcode1_3\debug\opc_meshinterface.obj
c:\users\daniel\desktop\git2\peel\peel\physics\pint_opcode1_3\debug\opc_model.obj
c:\users\daniel\desktop\git2\peel\peel\physics\pint_opcode1_3\debug\opc_obbcollider.obj
c:\users\daniel\desktop\git2\peel\peel\physics\pint_opcode1_3\debug\opc_optimizedtree.obj
c:\users\daniel\desktop\git2\peel\peel\physics\pint_opcode1_3\debug\opc_picking.obj
c:\users\daniel\desktop\git2\peel\peel\physics\pint_opcode1_3\debug\opc_planescollider.obj
c:\users\daniel\desktop\git2\peel\peel\physics\pint_opcode1_3\debug\opc_raycollider.obj
c:\users\daniel\desktop\git2\peel\peel\physics\pint_opcode1_3\debug\opc_spherecollider.obj
c:\users\daniel\desktop\git2\peel\peel\physics\pint_opcode1_3\debug\opc_sweepandprune.obj
c:\users\daniel\desktop\git2\peel\peel\physics\pint_opcode1_3\debug\opc_treebuilders.obj
c:\users\daniel\desktop\git2\peel\peel\physics\pint_opcode1_3\debug\opc_treecollider.obj
c:\users\daniel\desktop\git2\peel\peel\physics\pint_opcode1_3\debug\opc_volumecollider.obj
c:\users\daniel\desktop\git2\peel\peel\physics\pint_opcode1_3\debug\pint_opcode13.obj
c:\users\daniel\desktop\git2\peel\peel\physics\pint_opcode1_3\debug\pint_common.obj
c:\users\daniel\desktop\git2\peel\peel\physics\pint_opcode1_3\debug\pint_iceallocatorswitch.obj
c:\users\daniel\desktop\git2\peel\peel\physics\pint_opcode1_3\debug\opcode.obj
c:\users\daniel\desktop\git2\peel\peel\physics\pint_opcode1_3\debug\opc_aabbcollider.obj
c:\users\daniel\desktop\git2\peel\peel\physics\pint_opcode1_3\debug\pint_opcode13_d.dll
c:\users\daniel\desktop\git2\peel\peel\debug\pint_opcode13.pdb
c:\users\daniel\desktop\git2\peel\peel\debug\pint_opcode13.lib
c:\users\daniel\desktop\git2\peel\peel\debug\pint_opcode13.exp
c:\users\daniel\desktop\git2\peel\peel\physics\pint_opcode1_3\debug\pint_opcode13.tlog\cl.command.1.tlog
c:\users\daniel\desktop\git2\peel\peel\physics\pint_opcode1_3\debug\pint_opcode13.tlog\cl.read.1.tlog
c:\users\daniel\desktop\git2\peel\peel\physics\pint_opcode1_3\debug\pint_opcode13.tlog\cl.write.1.tlog
c:\users\daniel\desktop\git2\peel\peel\physics\pint_opcode1_3\debug\pint_opcode13.tlog\link.command.1.tlog
c:\users\daniel\desktop\git2\peel\peel\physics\pint_opcode1_3\debug\pint_opcode13.tlog\link.read.1.tlog
c:\users\daniel\desktop\git2\peel\peel\physics\pint_opcode1_3\debug\pint_opcode13.tlog\link.write.1.tlog
c:\users\daniel\desktop\git2\peel\peel\physics\pint_opcode1_3\debug\pint_opcode13.tlog\pint_opcode13.write.1u.tlog
