c:\users\daniel\desktop\git2\peel\peel\debug\peel.bsc
c:\users\daniel\desktop\git2\peel\peel\physics\debug\peel.pch
c:\users\daniel\desktop\git2\peel\peel\physics\debug\vc140.pdb
c:\users\daniel\desktop\git2\peel\peel\physics\debug\vc140.idb
c:\users\daniel\desktop\git2\peel\peel\physics\debug\stdafx.sbr
c:\users\daniel\desktop\git2\peel\peel\physics\debug\stdafx.obj
c:\users\daniel\desktop\git2\peel\peel\physics\debug\trashcache.sbr
c:\users\daniel\desktop\git2\peel\peel\physics\debug\titlewindow.sbr
c:\users\daniel\desktop\git2\peel\peel\physics\debug\titledata.sbr
c:\users\daniel\desktop\git2\peel\peel\physics\debug\testselector.sbr
c:\users\daniel\desktop\git2\peel\peel\physics\debug\testscenes_sweep.sbr
c:\users\daniel\desktop\git2\peel\peel\physics\debug\testscenes_staticscene.sbr
c:\users\daniel\desktop\git2\peel\peel\physics\debug\testscenes_raycast.sbr
c:\users\daniel\desktop\git2\peel\peel\physics\debug\testscenes_performance.sbr
c:\users\daniel\desktop\git2\peel\peel\physics\debug\testscenes_overlap.sbr
c:\users\daniel\desktop\git2\peel\peel\physics\debug\testscenes_contactgeneration.sbr
c:\users\daniel\desktop\git2\peel\peel\physics\debug\testscenes_ccd.sbr
c:\users\daniel\desktop\git2\peel\peel\physics\debug\testscenes_behavior.sbr
c:\users\daniel\desktop\git2\peel\peel\physics\debug\testscenes_api.sbr
c:\users\daniel\desktop\git2\peel\peel\physics\debug\testsceneshelpers.sbr
c:\users\daniel\desktop\git2\peel\peel\physics\debug\testscenes.sbr
c:\users\daniel\desktop\git2\peel\peel\physics\debug\surfacemanager.sbr
c:\users\daniel\desktop\git2\peel\peel\physics\debug\script.sbr
c:\users\daniel\desktop\git2\peel\peel\physics\debug\repx_tools.sbr
c:\users\daniel\desktop\git2\peel\peel\physics\debug\render.sbr
c:\users\daniel\desktop\git2\peel\peel\physics\debug\raytracingwindow.sbr
c:\users\daniel\desktop\git2\peel\peel\physics\debug\raytracingwindow.obj
c:\users\daniel\desktop\git2\peel\peel\physics\debug\render.obj
c:\users\daniel\desktop\git2\peel\peel\physics\debug\repx_tools.obj
c:\users\daniel\desktop\git2\peel\peel\physics\debug\script.obj
c:\users\daniel\desktop\git2\peel\peel\physics\debug\surfacemanager.obj
c:\users\daniel\desktop\git2\peel\peel\physics\debug\testscenes.obj
c:\users\daniel\desktop\git2\peel\peel\physics\debug\testsceneshelpers.obj
c:\users\daniel\desktop\git2\peel\peel\physics\debug\testscenes_api.obj
c:\users\daniel\desktop\git2\peel\peel\physics\debug\testscenes_behavior.obj
c:\users\daniel\desktop\git2\peel\peel\physics\debug\testscenes_ccd.obj
c:\users\daniel\desktop\git2\peel\peel\physics\debug\testscenes_contactgeneration.obj
c:\users\daniel\desktop\git2\peel\peel\physics\debug\testscenes_overlap.obj
c:\users\daniel\desktop\git2\peel\peel\physics\debug\testscenes_performance.obj
c:\users\daniel\desktop\git2\peel\peel\physics\debug\testscenes_raycast.obj
c:\users\daniel\desktop\git2\peel\peel\physics\debug\testscenes_staticscene.obj
c:\users\daniel\desktop\git2\peel\peel\physics\debug\testscenes_sweep.obj
c:\users\daniel\desktop\git2\peel\peel\physics\debug\testselector.obj
c:\users\daniel\desktop\git2\peel\peel\physics\debug\titledata.obj
c:\users\daniel\desktop\git2\peel\peel\physics\debug\titlewindow.obj
c:\users\daniel\desktop\git2\peel\peel\physics\debug\trashcache.obj
c:\users\daniel\desktop\git2\peel\peel\physics\debug\raytracingtest.sbr
c:\users\daniel\desktop\git2\peel\peel\physics\debug\random.sbr
c:\users\daniel\desktop\git2\peel\peel\physics\debug\qpctime.sbr
c:\users\daniel\desktop\git2\peel\peel\physics\debug\progressbar.sbr
c:\users\daniel\desktop\git2\peel\peel\physics\debug\pinttiming.sbr
c:\users\daniel\desktop\git2\peel\peel\physics\debug\pintsq.sbr
c:\users\daniel\desktop\git2\peel\peel\physics\debug\pintrender.sbr
c:\users\daniel\desktop\git2\peel\peel\physics\debug\pintobjectsmanager.sbr
c:\users\daniel\desktop\git2\peel\peel\physics\debug\pint.sbr
c:\users\daniel\desktop\git2\peel\peel\physics\debug\peel.sbr
c:\users\daniel\desktop\git2\peel\peel\physics\debug\myconvex.sbr
c:\users\daniel\desktop\git2\peel\peel\physics\debug\loader_repx.sbr
c:\users\daniel\desktop\git2\peel\peel\physics\debug\loader_rays.sbr
c:\users\daniel\desktop\git2\peel\peel\physics\debug\loader_bin.sbr
c:\users\daniel\desktop\git2\peel\peel\physics\debug\icebunny.sbr
c:\users\daniel\desktop\git2\peel\peel\physics\debug\glvsync.sbr
c:\users\daniel\desktop\git2\peel\peel\physics\debug\glfontrenderer.sbr
c:\users\daniel\desktop\git2\peel\peel\physics\debug\filefinder.sbr
c:\users\daniel\desktop\git2\peel\peel\physics\debug\cameramanager.sbr
c:\users\daniel\desktop\git2\peel\peel\physics\debug\camera.sbr
c:\users\daniel\desktop\git2\peel\peel\physics\debug\camera.obj
c:\users\daniel\desktop\git2\peel\peel\physics\debug\cameramanager.obj
c:\users\daniel\desktop\git2\peel\peel\physics\debug\filefinder.obj
c:\users\daniel\desktop\git2\peel\peel\physics\debug\glfontrenderer.obj
c:\users\daniel\desktop\git2\peel\peel\physics\debug\glvsync.obj
c:\users\daniel\desktop\git2\peel\peel\physics\debug\icebunny.obj
c:\users\daniel\desktop\git2\peel\peel\physics\debug\loader_bin.obj
c:\users\daniel\desktop\git2\peel\peel\physics\debug\loader_rays.obj
c:\users\daniel\desktop\git2\peel\peel\physics\debug\loader_repx.obj
c:\users\daniel\desktop\git2\peel\peel\physics\debug\myconvex.obj
c:\users\daniel\desktop\git2\peel\peel\physics\debug\peel.obj
c:\users\daniel\desktop\git2\peel\peel\physics\debug\pint.obj
c:\users\daniel\desktop\git2\peel\peel\physics\debug\pintobjectsmanager.obj
c:\users\daniel\desktop\git2\peel\peel\physics\debug\pintrender.obj
c:\users\daniel\desktop\git2\peel\peel\physics\debug\pintsq.obj
c:\users\daniel\desktop\git2\peel\peel\physics\debug\pinttiming.obj
c:\users\daniel\desktop\git2\peel\peel\physics\debug\progressbar.obj
c:\users\daniel\desktop\git2\peel\peel\physics\debug\qpctime.obj
c:\users\daniel\desktop\git2\peel\peel\physics\debug\random.obj
c:\users\daniel\desktop\git2\peel\peel\physics\debug\raytracingtest.obj
c:\users\daniel\desktop\git2\peel\peel\physics\debug\hacdmanifoldmesh.sbr
c:\users\daniel\desktop\git2\peel\peel\physics\debug\hacdichull.sbr
c:\users\daniel\desktop\git2\peel\peel\physics\debug\hacdhacd.sbr
c:\users\daniel\desktop\git2\peel\peel\physics\debug\hacdgraph.sbr
c:\users\daniel\desktop\git2\peel\peel\physics\debug\hacdgraph.obj
c:\users\daniel\desktop\git2\peel\peel\physics\debug\hacdhacd.obj
c:\users\daniel\desktop\git2\peel\peel\physics\debug\hacdichull.obj
c:\users\daniel\desktop\git2\peel\peel\physics\debug\hacdmanifoldmesh.obj
c:\users\daniel\desktop\git2\peel\peel\build\peel_debug.exe
c:\users\daniel\desktop\git2\peel\peel\debug\peel.pdb
c:\users\daniel\desktop\git2\peel\peel\physics\debug\peel.res
c:\users\daniel\desktop\git2\peel\peel\physics\debug\peel.tlog\bscmake.command.1.tlog
c:\users\daniel\desktop\git2\peel\peel\physics\debug\peel.tlog\bscmake.read.1.tlog
c:\users\daniel\desktop\git2\peel\peel\physics\debug\peel.tlog\bscmake.write.1.tlog
c:\users\daniel\desktop\git2\peel\peel\physics\debug\peel.tlog\cl.command.1.tlog
c:\users\daniel\desktop\git2\peel\peel\physics\debug\peel.tlog\cl.read.1.tlog
c:\users\daniel\desktop\git2\peel\peel\physics\debug\peel.tlog\cl.write.1.tlog
c:\users\daniel\desktop\git2\peel\peel\physics\debug\peel.tlog\link.command.1.tlog
c:\users\daniel\desktop\git2\peel\peel\physics\debug\peel.tlog\link.read.1.tlog
c:\users\daniel\desktop\git2\peel\peel\physics\debug\peel.tlog\link.write.1.tlog
c:\users\daniel\desktop\git2\peel\peel\physics\debug\peel.tlog\rc.command.1.tlog
c:\users\daniel\desktop\git2\peel\peel\physics\debug\peel.tlog\rc.read.1.tlog
c:\users\daniel\desktop\git2\peel\peel\physics\debug\peel.tlog\rc.write.1.tlog
