  stdafx.cpp
  Using ICE Core
  Using ICE Maths
  Using CONTACT
  Using ICE Meshmerizer
  Using ICE ImageWork
  Using ICE GUI
C:\Program Files (x86)\Microsoft Visual Studio 14.0\VC\include\limits(210): warning C4577: 'noexcept' used with no exception handling mode specified; termination on exception is not guaranteed. Specify /EHsc
  PINT_Newton3_13.cpp
C:\Program Files (x86)\Microsoft Visual Studio 14.0\VC\include\vector(391): warning C4577: 'noexcept' used with no exception handling mode specified; termination on exception is not guaranteed. Specify /EHsc
  PINT_Common.cpp
  Generating Code...
  dVector.cpp
  dStdAfxMath.cpp
  dQuaternion.cpp
  dMatrix.cpp
  dMathDefines.cpp
  Generating Code...
C:\Program Files (x86)\MSBuild\Microsoft.Cpp\v4.0\V140\Microsoft.CppBuild.targets(1189,5): warning MSB8012: TargetPath(C:\Users\daniel\Desktop\Git2\PEEL\PEEL\Debug\PINT_Newton_3_13.dll) does not match the Linker's OutputFile property value (C:\Users\daniel\Desktop\Git2\PEEL\PEEL\Physics\PINT_Newton3_13\Debug\PINT_Newton_3_13_D.dll). This may cause your project to build incorrectly. To correct this, please make sure that $(OutDir), $(TargetName) and $(TargetExt) property values match the value specified in %(Link.OutputFile).
C:\Program Files (x86)\MSBuild\Microsoft.Cpp\v4.0\V140\Microsoft.CppBuild.targets(1191,5): warning MSB8012: TargetName(PINT_Newton_3_13) does not match the Linker's OutputFile property value (PINT_Newton_3_13_D). This may cause your project to build incorrectly. To correct this, please make sure that $(OutDir), $(TargetName) and $(TargetExt) property values match the value specified in %(Link.OutputFile).
LINK : fatal error LNK1181: cannot open input file '..\..\..\PEEL_Externals\Newton_3_13\Lib\newton_d.lib'
